=== Sports Edge Analyst Session: postmortem ===
=== 2026-05-01 05:00 UTC ===

Post-game review complete. Here's the summary:

## May 1 Post-Game Review

**Bugs Fixed:**
- **wager=0 bug**: 9 bets from Apr 29-30 had $0 wagers because the daily exposure cap set wager to 0 but still appended the bet. Fixed in `oddstrader_scraper.py` - now skips bets when exposure is maxed. Recalculated PnL on all 9 bets.
- 3 bets remain ungraded (player name matching issue) - queued for manual grading.

**Updated Numbers (all models):**

| Model | Record | PnL | ROI |
|-------|--------|-----|-----|
| OT Total Bases | 73W-31L | +$1,484 | 14.4% |
| OT Hits Allowed | 16W-9L | +$321 | 13.7% |
| Game Model | 30W-28L-4P | +$193 | 3.1% |
| K-Props | 51W-42L | +$62 | 1.0% |
| **Active Markets** | **91W-41L** | **+$1,841** | **14.2%** |

**Key Discovery: Tier B >> Tier A**
- Tier A: 59W-47L, **-$230** (-2.2% ROI) -- losing money
- Tier B: 54W-35L, **+$743** (+8.7% ROI) -- all the profit

Heavy juice (-190, -215) on Tier A bets destroys edge even with decent hit rates.

**Morning Priorities:**
1. Capture May 1 lines
2. Investigate Tier A/B divergence -- potential for immediate ROI improvement
3. Manually grade 3 remaining bets
4. Game model quietly recovering -- keep alive

=== Session Complete: 2026-05-01 05:07 UTC ===
