Thu Apr 16 16:21:15 UTC 2026: Waiting 27825s until 00:05 UTC to start backfill...
Fri Apr 17 00:05:00 UTC 2026: Starting Pinnacle gap backfill
============================================================
  Pinnacle Gap Backfill
  2026-04-17 00:05:00
============================================================
  API connection OK

========================================
  BACKFILL: NHL
  Ranges: 2019-10-01->2020-10-01
========================================
  NHL: 0 raw fixtures -> 0 real completed games

========================================
  BACKFILL: MLB
  Ranges: 2022-05-01->2022-11-01
========================================
    2022-05-01 -> 2022-06-01: 500 raw, 227 real games
    2022-06-01 -> 2022-07-01: 500 raw, 237 real games
    2022-07-01 -> 2022-08-01: 500 raw, 225 real games
    2022-08-01 -> 2022-09-01: 500 raw, 189 real games
    2022-09-01 -> 2022-10-01: 500 raw, 235 real games
    2022-10-01 -> 2022-11-01: 314 raw, 134 real games
  MLB: 2814 raw fixtures -> 1247 real completed games

  Downloading closing odds for 1247 MLB games...
  4752 games already in DB, will skip
    Rate limited, waiting 26s...
    300/1247 (24%) - 551 stored, 271 skipped, 29 API calls
    Rate limited, waiting 26s...
    Rate limited, waiting 1s...
    Rate limited, waiting 26s...
    Rate limited, waiting 26s...
    Rate limited, waiting 1s...
    Rate limited, waiting 26s...
    Rate limited, waiting 1s...
    400/1247 (32%) - 2437 stored, 271 skipped, 129 API calls
    Rate limited, waiting 26s...
    Rate limited, waiting 1s...
    Rate limited, waiting 26s...
    Rate limited, waiting 1s...
    Rate limited, waiting 26s...
    Rate limited, waiting 1s...
    Rate limited, waiting 26s...
    Rate limited, waiting 1s...
    500/1247 (40%) - 4334 stored, 271 skipped, 229 API calls
    Rate limited, waiting 26s...
    Rate limited, waiting 1s...
    Rate limited, waiting 26s...
    Rate limited, waiting 1s...
    Rate limited, waiting 26s...
    Rate limited, waiting 1s...
    Rate limited, waiting 26s...
    Rate limited, waiting 1s...
    600/1247 (48%) - 6223 stored, 271 skipped, 329 API calls
    Rate limited, waiting 26s...
    Rate limited, waiting 1s...
    Rate limited, waiting 26s...
    Rate limited, waiting 1s...
    Rate limited, waiting 26s...
    Rate limited, waiting 1s...
    Rate limited, waiting 26s...
    700/1247 (56%) - 8123 stored, 271 skipped, 429 API calls
    Rate limited, waiting 26s...
    Rate limited, waiting 1s...
    Rate limited, waiting 26s...
    Rate limited, waiting 26s...
    Rate limited, waiting 1s...
    Rate limited, waiting 26s...
    800/1247 (64%) - 10022 stored, 271 skipped, 529 API calls
    Rate limited, waiting 26s...
    Rate limited, waiting 1s...
    Rate limited, waiting 26s...
    Rate limited, waiting 26s...
    Rate limited, waiting 1s...
    Rate limited, waiting 26s...
    Rate limited, waiting 1s...
    900/1247 (72%) - 11920 stored, 271 skipped, 629 API calls
    Rate limited, waiting 26s...
    Rate limited, waiting 1s...
    Rate limited, waiting 26s...
    Rate limited, waiting 1s...
    Rate limited, waiting 26s...
    Rate limited, waiting 1s...
    Rate limited, waiting 38s...
    Rate limited, waiting 37s...
    1000/1247 (80%) - 13810 stored, 271 skipped, 729 API calls
    Rate limited, waiting 37s...
    Rate limited, waiting 1s...
    Rate limited, waiting 38s...
    Rate limited, waiting 1s...
    Rate limited, waiting 38s...
    Rate limited, waiting 37s...
    Rate limited, waiting 1s...
    Rate limited, waiting 38s...
    Rate limited, waiting 37s...
    Rate limited, waiting 1s...
    1100/1247 (88%) - 15707 stored, 271 skipped, 829 API calls
    Rate limited, waiting 38s...
    Rate limited, waiting 37s...
    Rate limited, waiting 1s...
    Rate limited, waiting 38s...
    Rate limited, waiting 37s...
    Rate limited, waiting 1s...
    Rate limited, waiting 38s...
    Rate limited, waiting 32s...
    Rate limited, waiting 1s...
    1200/1247 (96%) - 17489 stored, 271 skipped, 929 API calls
    Rate limited, waiting 26s...
    Rate limited, waiting 1s...
    Rate limited, waiting 26s...
    Rate limited, waiting 1s...
  Done: 18381 records stored, 271 skipped, 976 API calls used

========================================
  BACKFILL: MLB
  Ranges: 2025-04-01->2025-11-01
========================================
    2025-04-01 -> 2025-05-01: 500 raw, 235 real games
    2025-05-01 -> 2025-06-01: 500 raw, 241 real games
    2025-06-01 -> 2025-07-01: 500 raw, 241 real games
    2025-07-01 -> 2025-08-01: 500 raw, 239 real games
    2025-08-01 -> 2025-09-01: 500 raw, 242 real games
    2025-09-01 -> 2025-10-01: 500 raw, 240 real games
    2025-10-01 -> 2025-11-01: 97 raw, 43 real games
  MLB: 3097 raw fixtures -> 1481 real completed games

  Downloading closing odds for 1481 MLB games...
  5701 games already in DB, will skip
    Rate limited, waiting 26s...
    Rate limited, waiting 1s...
    Rate limited, waiting 26s...
    Rate limited, waiting 26s...
    Rate limited, waiting 1s...
    Rate limited, waiting 26s...
    Rate limited, waiting 1s...
    100/1481 (7%) - 1786 stored, 0 skipped, 100 API calls
    Rate limited, waiting 26s...
    Rate limited, waiting 26s...
    Rate limited, waiting 1s...
    Rate limited, waiting 26s...
    Rate limited, waiting 1s...
    Rate limited, waiting 26s...
    Rate limited, waiting 1s...
    200/1481 (14%) - 3320 stored, 0 skipped, 200 API calls
    Rate limited, waiting 26s...
    Rate limited, waiting 1s...
    Rate limited, waiting 26s...
    Rate limited, waiting 1s...
    Rate limited, waiting 26s...
    Rate limited, waiting 1s...
    Rate limited, waiting 26s...
    Rate limited, waiting 1s...
    300/1481 (20%) - 5201 stored, 0 skipped, 300 API calls
    Rate limited, waiting 26s...
    Rate limited, waiting 1s...
    Rate limited, waiting 26s...
    Rate limited, waiting 1s...
    Rate limited, waiting 26s...
    Rate limited, waiting 26s...
    Rate limited, waiting 1s...
    400/1481 (27%) - 7101 stored, 0 skipped, 400 API calls
    Rate limited, waiting 26s...
    Rate limited, waiting 26s...
    Rate limited, waiting 1s...
    Rate limited, waiting 26s...
    Rate limited, waiting 1s...
    Rate limited, waiting 26s...
    Rate limited, waiting 1s...
    500/1481 (34%) - 9001 stored, 0 skipped, 500 API calls
    Rate limited, waiting 26s...
    Rate limited, waiting 1s...
    Rate limited, waiting 26s...
    Rate limited, waiting 1s...
    Rate limited, waiting 26s...
    Rate limited, waiting 1s...
    Rate limited, waiting 26s...
    600/1481 (41%) - 10901 stored, 0 skipped, 600 API calls
    Rate limited, waiting 26s...
    Rate limited, waiting 1s...
    Rate limited, waiting 26s...
    Rate limited, waiting 26s...
    Rate limited, waiting 1s...
    Rate limited, waiting 26s...
    Rate limited, waiting 1s...
    700/1481 (47%) - 12801 stored, 0 skipped, 700 API calls
    Rate limited, waiting 26s...
    Rate limited, waiting 1s...
    Rate limited, waiting 26s...
    Rate limited, waiting 1s...
    Rate limited, waiting 26s...
    Rate limited, waiting 1s...
    Rate limited, waiting 26s...
    Rate limited, waiting 1s...
    800/1481 (54%) - 14701 stored, 0 skipped, 800 API calls
    Rate limited, waiting 26s...
    Rate limited, waiting 1s...
    Rate limited, waiting 26s...
    Rate limited, waiting 1s...
    Rate limited, waiting 26s...
    Rate limited, waiting 1s...
    Rate limited, waiting 26s...
    Rate limited, waiting 1s...
    900/1481 (61%) - 16600 stored, 0 skipped, 900 API calls
    Rate limited, waiting 26s...
    Rate limited, waiting 1s...
    Rate limited, waiting 26s...
    Rate limited, waiting 1s...
    Rate limited, waiting 26s...
    Rate limited, waiting 1s...
    Rate limited, waiting 26s...
    Rate limited, waiting 1s...
    1000/1481 (68%) - 18489 stored, 0 skipped, 1000 API calls
    Rate limited, waiting 26s...
    Rate limited, waiting 26s...
    Rate limited, waiting 1s...
    Rate limited, waiting 26s...
    Rate limited, waiting 1s...
    Rate limited, waiting 26s...
    Rate limited, waiting 1s...
    1100/1481 (74%) - 20389 stored, 0 skipped, 1100 API calls
    Rate limited, waiting 26s...
    Rate limited, waiting 1s...
    Rate limited, waiting 26s...
    Rate limited, waiting 1s...
    Rate limited, waiting 26s...
    Rate limited, waiting 1s...
    Rate limited, waiting 26s...
    Rate limited, waiting 1s...
    1200/1481 (81%) - 22289 stored, 0 skipped, 1200 API calls
    Rate limited, waiting 26s...
    Rate limited, waiting 1s...
    Rate limited, waiting 26s...
    Rate limited, waiting 1s...
    Rate limited, waiting 26s...
    Rate limited, waiting 1s...
    Rate limited, waiting 80336s...
    Rate limited, waiting 26s...
    1300/1481 (88%) - 24188 stored, 0 skipped, 1300 API calls
    Rate limited, waiting 26s...
    Rate limited, waiting 1s...
    Rate limited, waiting 26s...
    Rate limited, waiting 26s...
    Rate limited, waiting 1s...
    Rate limited, waiting 26s...
    1400/1481 (95%) - 26088 stored, 0 skipped, 1400 API calls
    Rate limited, waiting 26s...
    Rate limited, waiting 1s...
    Rate limited, waiting 25s...
    Rate limited, waiting 1s...
    Rate limited, waiting 26s...
    Rate limited, waiting 1s...
  Done: 27625 records stored, 0 skipped, 1481 API calls used

============================================================
  NHL: 6559 unique games total
  MLB: 7153 unique games total

  46006 new records stored (2457 API calls)
  Data in /home/aiciv/sports-edge/data/game_lines.db
============================================================
Sat Apr 18 00:08:16 UTC 2026: Backfill complete
============================================================
  Pinnacle Closing Line Data Status
============================================================

  NHL:
    2019-20:     0 games (  0.0% of ~1300)  [GAP]
    2020-21:   963 games (101.4% of ~950)  [OK]
    2021-22:  1426 games (101.9% of ~1400)  [OK]
    2022-23:  1383 games ( 98.8% of ~1400)  [OK]
    2023-24:  1403 games (100.2% of ~1400)  [OK]
    2024-25:  1384 games ( 98.9% of ~1400)  [OK]

  MLB:
    2021:  1364 games ( 97.4% of ~1400)  [OK]
    2022:  1456 games (104.0% of ~1400)  [OK]
    2023:  1445 games (103.2% of ~1400)  [OK]
    2024:  1433 games (102.4% of ~1400)  [OK]
    2025:  1451 games (1451.0% of ~100)  [OK]

  TOTAL: 13712 unique games, 223455 records
============================================================
