============================================================
  Pinnacle Historical Odds Downloader
  2026-04-15 13:09:42
  Filter: NHL only
============================================================
  API connection OK

========================================
  NHL
========================================
    2021-10-01 -> 2021-11-01: 152 raw, 132 real games
    2021-11-01 -> 2021-12-01: 250 raw, 212 real games
    2021-12-01 -> 2022-01-01: 267 raw, 180 real games
    2022-01-01 -> 2022-02-01: 288 raw, 215 real games
    2022-02-01 -> 2022-03-01: 186 raw, 161 real games
    2022-03-01 -> 2022-04-01: 270 raw, 237 real games
    2022-04-01 -> 2022-05-01: 271 raw, 241 real games
    2022-05-01 -> 2022-06-01: 100 raw, 75 real games
    2022-06-01 -> 2022-07-01: 18 raw, 17 real games
    2022-10-01 -> 2022-11-01: 167 raw, 146 real games
    2022-11-01 -> 2022-12-01: 251 raw, 201 real games
    2022-12-01 -> 2023-01-01: 263 raw, 229 real games
    2023-01-01 -> 2023-02-01: 253 raw, 223 real games
    2023-02-01 -> 2023-03-01: 249 raw, 170 real games
    2023-03-01 -> 2023-04-01: 500 raw, 234 real games
    2023-04-01 -> 2023-05-01: 349 raw, 174 real games
    2023-05-01 -> 2023-06-01: 110 raw, 65 real games
    2023-06-01 -> 2023-07-01: 12 raw, 7 real games
    2023-10-01 -> 2023-11-01: 304 raw, 140 real games
    2023-11-01 -> 2023-12-01: 458 raw, 215 real games
    2023-12-01 -> 2024-01-01: 498 raw, 234 real games
    2024-01-01 -> 2024-02-01: 462 raw, 216 real games
    2024-02-01 -> 2024-03-01: 377 raw, 177 real games
    2024-03-01 -> 2024-04-01: 500 raw, 236 real games
    2024-04-01 -> 2024-05-01: 371 raw, 171 real games
    2024-05-01 -> 2024-06-01: 135 raw, 74 real games
    2024-06-01 -> 2024-07-01: 21 raw, 12 real games
    2024-10-01 -> 2024-11-01: 192 raw, 168 real games
    2024-11-01 -> 2024-12-01: 261 raw, 231 real games
    2024-12-01 -> 2025-01-01: 264 raw, 236 real games
    Rate limited, waiting 38976s...
