============================================================
  Pinnacle Historical Odds Downloader
  2026-04-14 18:46:05
============================================================
  API connection OK

  Downloading NHL fixtures from 2021-10-01...
    2000 fixtures...
    4000 fixtures...
    Rate limited, waiting 22s...
    Rate limited, waiting 1s...
    6000 fixtures...
    8000 fixtures...
    10000 fixtures...
    12000 fixtures...
    14000 fixtures...
    16000 fixtures...
    Rate limited, waiting 25s...
    Rate limited, waiting 1s...
    18000 fixtures...
    20000 fixtures...
    22000 fixtures...
    24000 fixtures...
    26000 fixtures...
    28000 fixtures...
    Error 502 on attempt 1
    Error 502 on attempt 2
    30000 fixtures...
    Rate limited, waiting 17s...
    Rate limited, waiting 1s...
    32000 fixtures...
    34000 fixtures...
    36000 fixtures...
    38000 fixtures...
    40000 fixtures...
    42000 fixtures...
    Rate limited, waiting 25s...
    Rate limited, waiting 1s...
    44000 fixtures...
    46000 fixtures...
    48000 fixtures...
    50000 fixtures...
    52000 fixtures...
    54000 fixtures...
    Rate limited, waiting 25s...
    56000 fixtures...
    58000 fixtures...
    60000 fixtures...
    62000 fixtures...
    64000 fixtures...
    66000 fixtures...
    Rate limited, waiting 25s...
    Rate limited, waiting 1s...
    68000 fixtures...
    70000 fixtures...
    72000 fixtures...
    74000 fixtures...
    76000 fixtures...
    78000 fixtures...
    80000 fixtures...
    Rate limited, waiting 25s...
    Rate limited, waiting 1s...
    82000 fixtures...
    84000 fixtures...
    86000 fixtures...
    88000 fixtures...
    90000 fixtures...
    92000 fixtures...
    Rate limited, waiting 25s...
    94000 fixtures...
    96000 fixtures...
    98000 fixtures...
    100000 fixtures...
    102000 fixtures...
    104000 fixtures...
    Rate limited, waiting 25s...
    Rate limited, waiting 1s...
    106000 fixtures...
    108000 fixtures...
    110000 fixtures...
    112000 fixtures...
    114000 fixtures...
    116000 fixtures...
    Rate limited, waiting 25s...
    118000 fixtures...
    120000 fixtures...
    122000 fixtures...
    124000 fixtures...
    126000 fixtures...
    128000 fixtures...
    130000 fixtures...
    Rate limited, waiting 25s...
    Rate limited, waiting 1s...
    132000 fixtures...
    134000 fixtures...
    136000 fixtures...
    138000 fixtures...
    140000 fixtures...
    142000 fixtures...
    Rate limited, waiting 24s...
    Rate limited, waiting 1s...
    144000 fixtures...
    146000 fixtures...
    148000 fixtures...
    150000 fixtures...
    152000 fixtures...
    154000 fixtures...
    Rate limited, waiting 25s...
    Rate limited, waiting 1s...
    156000 fixtures...
    158000 fixtures...
    160000 fixtures...
    162000 fixtures...
    164000 fixtures...
    166000 fixtures...
    Rate limited, waiting 25s...
    Rate limited, waiting 1s...
    168000 fixtures...
    170000 fixtures...
    172000 fixtures...
    174000 fixtures...
    176000 fixtures...
    178000 fixtures...
    180000 fixtures...
    Rate limited, waiting 25s...
    Rate limited, waiting 1s...
    182000 fixtures...
    184000 fixtures...
    186000 fixtures...
    188000 fixtures...
    190000 fixtures...
    192000 fixtures...
    Rate limited, waiting 24s...
    Rate limited, waiting 1s...
    194000 fixtures...
    196000 fixtures...
    198000 fixtures...
    200000 fixtures...
    202000 fixtures...
    204000 fixtures...
    Rate limited, waiting 25s...
    206000 fixtures...
    208000 fixtures...
    210000 fixtures...
    212000 fixtures...
    214000 fixtures...
    216000 fixtures...
    Rate limited, waiting 25s...
    218000 fixtures...
    220000 fixtures...
    222000 fixtures...
    224000 fixtures...
    226000 fixtures...
    228000 fixtures...
    230000 fixtures...
    Rate limited, waiting 25s...
    Rate limited, waiting 1s...
    232000 fixtures...
    234000 fixtures...
    236000 fixtures...
    238000 fixtures...
    240000 fixtures...
    242000 fixtures...
    Rate limited, waiting 25s...
    244000 fixtures...
    246000 fixtures...
    248000 fixtures...
    250000 fixtures...
    252000 fixtures...
    254000 fixtures...
    Rate limited, waiting 25s...
    Rate limited, waiting 1s...
    256000 fixtures...
    258000 fixtures...
    260000 fixtures...
    262000 fixtures...
    264000 fixtures...
    266000 fixtures...
    Rate limited, waiting 25s...
    Rate limited, waiting 1s...
    268000 fixtures...
    270000 fixtures...
    272000 fixtures...
    274000 fixtures...
    276000 fixtures...
    278000 fixtures...
    280000 fixtures...
    Rate limited, waiting 25s...
    282000 fixtures...
    284000 fixtures...
    286000 fixtures...
    288000 fixtures...
    290000 fixtures...
    292000 fixtures...
    Rate limited, waiting 25s...
    Rate limited, waiting 1s...
    294000 fixtures...
    296000 fixtures...
    298000 fixtures...
    300000 fixtures...
    302000 fixtures...
    304000 fixtures...
    Rate limited, waiting 25s...
    306000 fixtures...
    308000 fixtures...
    310000 fixtures...
    312000 fixtures...
    314000 fixtures...
    316000 fixtures...
    Rate limited, waiting 25s...
    Rate limited, waiting 1s...
    318000 fixtures...
    320000 fixtures...
    322000 fixtures...
    324000 fixtures...
    326000 fixtures...
    328000 fixtures...
    330000 fixtures...
    Rate limited, waiting 25s...
    Rate limited, waiting 1s...
    332000 fixtures...
    334000 fixtures...
    336000 fixtures...
    338000 fixtures...
    340000 fixtures...
    342000 fixtures...
    Rate limited, waiting 25s...
    344000 fixtures...
    346000 fixtures...
    348000 fixtures...
    350000 fixtures...
    352000 fixtures...
    354000 fixtures...
    Rate limited, waiting 25s...
    Rate limited, waiting 1s...
    356000 fixtures...
    358000 fixtures...
    360000 fixtures...
    362000 fixtures...
    364000 fixtures...
    366000 fixtures...
    Rate limited, waiting 24s...
    368000 fixtures...
    370000 fixtures...
    372000 fixtures...
    374000 fixtures...
    376000 fixtures...
    378000 fixtures...
    380000 fixtures...
    Rate limited, waiting 25s...
    Rate limited, waiting 1s...
    382000 fixtures...
    384000 fixtures...
    386000 fixtures...
    388000 fixtures...
    390000 fixtures...
    392000 fixtures...
    Rate limited, waiting 25s...
    Rate limited, waiting 1s...
    394000 fixtures...
    396000 fixtures...
    398000 fixtures...
    400000 fixtures...
    402000 fixtures...
    404000 fixtures...
    Rate limited, waiting 25s...
    Rate limited, waiting 1s...
    406000 fixtures...
    408000 fixtures...
    410000 fixtures...
    412000 fixtures...
    414000 fixtures...
    416000 fixtures...
    Rate limited, waiting 25s...
    418000 fixtures...
    420000 fixtures...
    422000 fixtures...
    424000 fixtures...
    426000 fixtures...
    428000 fixtures...
    430000 fixtures...
    Rate limited, waiting 24s...
    Rate limited, waiting 1s...
    432000 fixtures...
    434000 fixtures...
    436000 fixtures...
    438000 fixtures...
    440000 fixtures...
    442000 fixtures...
    Rate limited, waiting 24s...
    444000 fixtures...
    446000 fixtures...
    448000 fixtures...
    450000 fixtures...
    452000 fixtures...
    454000 fixtures...
    Rate limited, waiting 25s...
    456000 fixtures...
    458000 fixtures...
    460000 fixtures...
    462000 fixtures...
    464000 fixtures...
    466000 fixtures...
    Rate limited, waiting 26s...
